<?xml version="1.0" encoding="UTF-8" ?>
<testsuite tests="9" failures="0" name="quizLogic.QuizC5LogicTest" time="0.083" errors="1" skipped="0">
  <properties>
    <property name="java.runtime.name" value="OpenJDK Runtime Environment"/>
    <property name="sun.boot.library.path" value="/usr/lib/jvm/java-8-openjdk-amd64/jre/lib/amd64"/>
    <property name="java.vm.version" value="25.252-b09"/>
    <property name="java.vm.vendor" value="Private Build"/>
    <property name="maven.multiModuleProjectDirectory" value="/home/francesco/NetBeansProjects/mavenproject1"/>
    <property name="java.vendor.url" value="http://java.oracle.com/"/>
    <property name="path.separator" value=":"/>
    <property name="guice.disable.misplaced.annotation.check" value="true"/>
    <property name="java.vm.name" value="OpenJDK 64-Bit Server VM"/>
    <property name="file.encoding.pkg" value="sun.io"/>
    <property name="user.country" value="IT"/>
    <property name="sun.java.launcher" value="SUN_STANDARD"/>
    <property name="sun.os.patch.level" value="unknown"/>
    <property name="test" value="quizLogic.QuizC5LogicTest"/>
    <property name="java.vm.specification.name" value="Java Virtual Machine Specification"/>
    <property name="user.dir" value="/home/francesco/NetBeansProjects/mavenproject1"/>
    <property name="java.runtime.version" value="1.8.0_252-8u252-b09-1~18.04-b09"/>
    <property name="java.awt.graphicsenv" value="sun.awt.X11GraphicsEnvironment"/>
    <property name="java.endorsed.dirs" value="/usr/lib/jvm/java-8-openjdk-amd64/jre/lib/endorsed"/>
    <property name="os.arch" value="amd64"/>
    <property name="java.io.tmpdir" value="/tmp"/>
    <property name="line.separator" value="
"/>
    <property name="java.vm.specification.vendor" value="Oracle Corporation"/>
    <property name="os.name" value="Linux"/>
    <property name="maven.ext.class.path" value="/snap/netbeans/30/netbeans/java/maven-nblib/netbeans-eventspy.jar"/>
    <property name="classworlds.conf" value="/snap/netbeans/30/netbeans/java/maven/bin/m2.conf"/>
    <property name="sun.jnu.encoding" value="UTF-8"/>
    <property name="java.library.path" value="/usr/java/packages/lib/amd64:/usr/lib/x86_64-linux-gnu/jni:/lib/x86_64-linux-gnu:/usr/lib/x86_64-linux-gnu:/usr/lib/jni:/lib:/usr/lib"/>
    <property name="maven.conf" value="/snap/netbeans/30/netbeans/java/maven/conf"/>
    <property name="java.specification.name" value="Java Platform API Specification"/>
    <property name="java.class.version" value="52.0"/>
    <property name="sun.management.compiler" value="HotSpot 64-Bit Tiered Compilers"/>
    <property name="os.version" value="5.3.0-59-generic"/>
    <property name="library.jansi.path" value="/snap/netbeans/30/netbeans/java/maven/lib/jansi-native"/>
    <property name="user.home" value="/home/francesco"/>
    <property name="user.timezone" value="Europe/Rome"/>
    <property name="java.awt.printerjob" value="sun.print.PSPrinterJob"/>
    <property name="java.specification.version" value="1.8"/>
    <property name="file.encoding" value="UTF-8"/>
    <property name="user.name" value="francesco"/>
    <property name="java.class.path" value="/snap/netbeans/30/netbeans/java/maven/boot/plexus-classworlds-2.6.0.jar"/>
    <property name="java.vm.specification.version" value="1.8"/>
    <property name="sun.arch.data.model" value="64"/>
    <property name="java.home" value="/usr/lib/jvm/java-8-openjdk-amd64/jre"/>
    <property name="sun.java.command" value="org.codehaus.plexus.classworlds.launcher.Launcher -Dtest=quizLogic.QuizC5LogicTest -Dmaven.ext.class.path=/snap/netbeans/30/netbeans/java/maven-nblib/netbeans-eventspy.jar surefire:test"/>
    <property name="java.specification.vendor" value="Oracle Corporation"/>
    <property name="user.language" value="it"/>
    <property name="awt.toolkit" value="sun.awt.X11.XToolkit"/>
    <property name="java.vm.info" value="mixed mode"/>
    <property name="java.version" value="1.8.0_252"/>
    <property name="java.ext.dirs" value="/usr/lib/jvm/java-8-openjdk-amd64/jre/lib/ext:/usr/java/packages/lib/ext"/>
    <property name="securerandom.source" value="file:/dev/./urandom"/>
    <property name="sun.boot.class.path" value="/usr/lib/jvm/java-8-openjdk-amd64/jre/lib/resources.jar:/usr/lib/jvm/java-8-openjdk-amd64/jre/lib/rt.jar:/usr/lib/jvm/java-8-openjdk-amd64/jre/lib/sunrsasign.jar:/usr/lib/jvm/java-8-openjdk-amd64/jre/lib/jsse.jar:/usr/lib/jvm/java-8-openjdk-amd64/jre/lib/jce.jar:/usr/lib/jvm/java-8-openjdk-amd64/jre/lib/charsets.jar:/usr/lib/jvm/java-8-openjdk-amd64/jre/lib/jfr.jar:/usr/lib/jvm/java-8-openjdk-amd64/jre/classes"/>
    <property name="java.vendor" value="Private Build"/>
    <property name="maven.home" value="/snap/netbeans/30/netbeans/java/maven"/>
    <property name="file.separator" value="/"/>
    <property name="java.vendor.url.bug" value="http://bugreport.sun.com/bugreport/"/>
    <property name="sun.cpu.endian" value="little"/>
    <property name="sun.io.unicode.encoding" value="UnicodeLittle"/>
    <property name="sun.desktop" value="gnome"/>
    <property name="sun.cpu.isalist" value=""/>
  </properties>
  <testcase classname="quizLogic.QuizC5LogicTest" name="testGenerateQuiz" time="0.049"/>
  <testcase classname="quizLogic.QuizC5LogicTest" name="testCleanQuizList" time="0"/>
  <testcase classname="quizLogic.QuizC5LogicTest" name="testGetPreviousQuestion" time="0.014">
    <error message="-1" type="java.lang.ArrayIndexOutOfBoundsException">java.lang.ArrayIndexOutOfBoundsException: -1
	at java.util.ArrayList.elementData(ArrayList.java:422)
	at java.util.ArrayList.get(ArrayList.java:435)
	at quizLogic.QuizC5Logic.getPreviousQuestion(QuizC5Logic.java:72)
	at quizLogic.QuizC5LogicTest.testGetPreviousQuestion(QuizC5LogicTest.java:69)
	at sun.reflect.NativeMethodAccessorImpl.invoke0(Native Method)
	at sun.reflect.NativeMethodAccessorImpl.invoke(NativeMethodAccessorImpl.java:62)
	at sun.reflect.DelegatingMethodAccessorImpl.invoke(DelegatingMethodAccessorImpl.java:43)
	at java.lang.reflect.Method.invoke(Method.java:498)
	at org.junit.runners.model.FrameworkMethod$1.runReflectiveCall(FrameworkMethod.java:59)
	at org.junit.internal.runners.model.ReflectiveCallable.run(ReflectiveCallable.java:12)
	at org.junit.runners.model.FrameworkMethod.invokeExplosively(FrameworkMethod.java:56)
	at org.junit.internal.runners.statements.InvokeMethod.evaluate(InvokeMethod.java:17)
	at org.junit.runners.ParentRunner$3.evaluate(ParentRunner.java:306)
	at org.junit.runners.BlockJUnit4ClassRunner$1.evaluate(BlockJUnit4ClassRunner.java:100)
	at org.junit.runners.ParentRunner.runLeaf(ParentRunner.java:366)
	at org.junit.runners.BlockJUnit4ClassRunner.runChild(BlockJUnit4ClassRunner.java:103)
	at org.junit.runners.BlockJUnit4ClassRunner.runChild(BlockJUnit4ClassRunner.java:63)
	at org.junit.runners.ParentRunner$4.run(ParentRunner.java:331)
	at org.junit.runners.ParentRunner$1.schedule(ParentRunner.java:79)
	at org.junit.runners.ParentRunner.runChildren(ParentRunner.java:329)
	at org.junit.runners.ParentRunner.access$100(ParentRunner.java:66)
	at org.junit.runners.ParentRunner$2.evaluate(ParentRunner.java:293)
	at org.junit.runners.ParentRunner$3.evaluate(ParentRunner.java:306)
	at org.junit.runners.ParentRunner.run(ParentRunner.java:413)
	at org.apache.maven.surefire.junit4.JUnit4Provider.execute(JUnit4Provider.java:252)
	at org.apache.maven.surefire.junit4.JUnit4Provider.executeTestSet(JUnit4Provider.java:141)
	at org.apache.maven.surefire.junit4.JUnit4Provider.invoke(JUnit4Provider.java:112)
	at sun.reflect.NativeMethodAccessorImpl.invoke0(Native Method)
	at sun.reflect.NativeMethodAccessorImpl.invoke(NativeMethodAccessorImpl.java:62)
	at sun.reflect.DelegatingMethodAccessorImpl.invoke(DelegatingMethodAccessorImpl.java:43)
	at java.lang.reflect.Method.invoke(Method.java:498)
	at org.apache.maven.surefire.util.ReflectionUtils.invokeMethodWithArray(ReflectionUtils.java:189)
	at org.apache.maven.surefire.booter.ProviderFactory$ProviderProxy.invoke(ProviderFactory.java:165)
	at org.apache.maven.surefire.booter.ProviderFactory.invokeProvider(ProviderFactory.java:85)
	at org.apache.maven.surefire.booter.ForkedBooter.runSuitesInProcess(ForkedBooter.java:115)
	at org.apache.maven.surefire.booter.ForkedBooter.main(ForkedBooter.java:75)
</error>
    <system-out>QuizC11Entity{rule=ASS, question=Il Comitato Nazionale è composto dal Presidente dell’AIA, dal Vice Presidente, dai tre Componenti effettivi della lista collegata e dai tre Componenti effettivi eletti singolarmente per ciascuna macroregione, answer=VERO, userAnswer=null}
QuizC11Entity{rule=ASS, question=Agli Arbitri è fatto divieto di dirigere gare che non rientrano nell’attività calcistica organizzata o autorizzata dalla FIGC, answer=VERO, userAnswer=null}
QuizC11Entity{rule=ASS, question=Il numero dei Consiglieri dei CDS varia a seconda della forza sezionale ed è stabilito dal Comitato Nazionale all&apos;inizio di ogni stagione sportiva, answer=FALSO, userAnswer=null}
QuizC11Entity{rule=NFOT, question=Il Comitato Nazionale, d’intesa con il Settore Tecnico, può predisporre modalità attuative per la trasmissione integrale delle relazioni degli Osservatori arbitrali ad AE e AA, answer=VERO, userAnswer=null}
QuizC11Entity{rule=NFOT, question=Possono  richiedere  di  svolgere  l’attività  di  OA  alla  CAI  coloro  i  quali  abbiano  svolto  qualificata  attività  per  almeno  tre  stagioni  sportive  quali Componenti dell’OTR, answer=FALSO, userAnswer=null}
QuizC11Entity{rule=R3, question=Un calciatore di riserva entra nel rettangolo di gioco in sovrannumero e tenta di impedire la segnatura di una rete, non riuscendoci. Dovrà essere espulso e il gioco ripreso con un calcio di punizione indiretto nel punto in cui si trovava il pallone quando è stato toccato da detto calciatore., answer=FALSO, userAnswer=null}
QuizC11Entity{rule=R5, question=Dopo il quinto fallo il vantaggio non può essere mai concesso, answer=FALSO, userAnswer=null}
QuizC11Entity{rule=R5, question=Il portiere, su rimessa laterale, riceve il pallone da un compagno nella metà campo avversaria, lo gioca e lo porta nella propria metà del rettangolo di gioco. L&apos;Arbitro dovrà considerare l&apos;azione regolare e iniziare in maniera visiva il conteggio dei quattro secondi., answer=VERO, userAnswer=null}
QuizC11Entity{rule=R12, question=Il difensore trattiene ai limiti della sua area di rigore un avversario che ha davanti a sé solo il portiere a guardia della porta, interrompendone l’azione di attacco: l’arbitro dovrà espellerlo per condotta gravemente sleale., answer=FALSO, userAnswer=null}
QuizC11Entity{rule=R15, question=La rimessa laterale deve essere eseguita con i piedi., answer=VERO, userAnswer=null}
</system-out>
  </testcase>
  <testcase classname="quizLogic.QuizC5LogicTest" name="testGetCurrentQuestion" time="0.011"/>
  <testcase classname="quizLogic.QuizC5LogicTest" name="testGetNextQuestion" time="0"/>
  <testcase classname="quizLogic.QuizC5LogicTest" name="testGetQuizListSize" time="0"/>
  <testcase classname="quizLogic.QuizC5LogicTest" name="testAnswerTheQuestion" time="0"/>
  <testcase classname="quizLogic.QuizC5LogicTest" name="testGetResult" time="0.001"/>
  <testcase classname="quizLogic.QuizC5LogicTest" name="testReadAllQuizzes" time="0.008"/>
</testsuite>